{"total": {"lines":{"total":634,"covered":523,"skipped":0,"pct":82.49},"statements":{"total":668,"covered":551,"skipped":0,"pct":82.49},"functions":{"total":185,"covered":149,"skipped":0,"pct":80.54},"branches":{"total":298,"covered":227,"skipped":0,"pct":76.17}}
,"C:\\Users\\danie\\Documents\\workspace\\Artemis\\mobx-async-store\\spec\\ExampleApp.js": {"lines":{"total":22,"covered":22,"skipped":0,"pct":100},"functions":{"total":9,"covered":9,"skipped":0,"pct":100},"statements":{"total":22,"covered":22,"skipped":0,"pct":100},"branches":{"total":0,"covered":0,"skipped":0,"pct":100}}
,"C:\\Users\\danie\\Documents\\workspace\\Artemis\\mobx-async-store\\spec\\fixtures\\exampleRelationalResponses.js": {"lines":{"total":5,"covered":5,"skipped":0,"pct":100},"functions":{"total":0,"covered":0,"skipped":0,"pct":100},"statements":{"total":5,"covered":5,"skipped":0,"pct":100},"branches":{"total":0,"covered":0,"skipped":0,"pct":100}}
,"C:\\Users\\danie\\Documents\\workspace\\Artemis\\mobx-async-store\\src\\MiddlewarePipe.js": {"lines":{"total":20,"covered":18,"skipped":0,"pct":90},"functions":{"total":4,"covered":4,"skipped":0,"pct":100},"statements":{"total":21,"covered":19,"skipped":0,"pct":90.48},"branches":{"total":10,"covered":9,"skipped":0,"pct":90}}
,"C:\\Users\\danie\\Documents\\workspace\\Artemis\\mobx-async-store\\src\\Model.js": {"lines":{"total":171,"covered":121,"skipped":0,"pct":70.76},"functions":{"total":52,"covered":33,"skipped":0,"pct":63.46},"statements":{"total":178,"covered":126,"skipped":0,"pct":70.79},"branches":{"total":74,"covered":49,"skipped":0,"pct":66.22}}
,"C:\\Users\\danie\\Documents\\workspace\\Artemis\\mobx-async-store\\src\\ObjectPromiseProxy.js": {"lines":{"total":40,"covered":24,"skipped":0,"pct":60},"functions":{"total":9,"covered":6,"skipped":0,"pct":66.67},"statements":{"total":40,"covered":24,"skipped":0,"pct":60},"branches":{"total":12,"covered":4,"skipped":0,"pct":33.33}}
,"C:\\Users\\danie\\Documents\\workspace\\Artemis\\mobx-async-store\\src\\Store.js": {"lines":{"total":187,"covered":165,"skipped":0,"pct":88.24},"functions":{"total":53,"covered":48,"skipped":0,"pct":90.57},"statements":{"total":195,"covered":173,"skipped":0,"pct":88.72},"branches":{"total":77,"covered":55,"skipped":0,"pct":71.43}}
,"C:\\Users\\danie\\Documents\\workspace\\Artemis\\mobx-async-store\\src\\main.js": {"lines":{"total":0,"covered":0,"skipped":0,"pct":100},"functions":{"total":0,"covered":0,"skipped":0,"pct":100},"statements":{"total":0,"covered":0,"skipped":0,"pct":100},"branches":{"total":0,"covered":0,"skipped":0,"pct":100}}
,"C:\\Users\\danie\\Documents\\workspace\\Artemis\\mobx-async-store\\src\\schema.js": {"lines":{"total":8,"covered":8,"skipped":0,"pct":100},"functions":{"total":3,"covered":3,"skipped":0,"pct":100},"statements":{"total":8,"covered":8,"skipped":0,"pct":100},"branches":{"total":4,"covered":4,"skipped":0,"pct":100}}
,"C:\\Users\\danie\\Documents\\workspace\\Artemis\\mobx-async-store\\src\\utils.js": {"lines":{"total":47,"covered":41,"skipped":0,"pct":87.23},"functions":{"total":19,"covered":17,"skipped":0,"pct":89.47},"statements":{"total":53,"covered":45,"skipped":0,"pct":84.91},"branches":{"total":25,"covered":17,"skipped":0,"pct":68}}
,"C:\\Users\\danie\\Documents\\workspace\\Artemis\\mobx-async-store\\src\\decorators\\attributes.js": {"lines":{"total":26,"covered":22,"skipped":0,"pct":84.62},"functions":{"total":10,"covered":7,"skipped":0,"pct":70},"statements":{"total":28,"covered":24,"skipped":0,"pct":85.71},"branches":{"total":14,"covered":12,"skipped":0,"pct":85.71}}
,"C:\\Users\\danie\\Documents\\workspace\\Artemis\\mobx-async-store\\src\\decorators\\relationships.js": {"lines":{"total":108,"covered":97,"skipped":0,"pct":89.81},"functions":{"total":26,"covered":22,"skipped":0,"pct":84.62},"statements":{"total":118,"covered":105,"skipped":0,"pct":88.98},"branches":{"total":82,"covered":77,"skipped":0,"pct":93.9}}
}
