TN:
SF:C:\Users\danie\Documents\workspace\Artemis\mobx-async-store\spec\ExampleApp.js
FN:19,(anonymous_0)
FN:23,(anonymous_1)
FN:27,(anonymous_2)
FN:43,TodoList
FN:47,(anonymous_4)
FN:65,(anonymous_5)
FN:69,(anonymous_6)
FN:74,(anonymous_7)
FN:79,(anonymous_8)
FNF:9
FNH:9
FNDA:3,(anonymous_0)
FNDA:1,(anonymous_1)
FNDA:4,(anonymous_2)
FNDA:8,TodoList
FNDA:3,(anonymous_4)
FNDA:1,(anonymous_5)
FNDA:1,(anonymous_6)
FNDA:8,(anonymous_7)
FNDA:8,(anonymous_8)
DA:12,1
DA:20,3
DA:23,3
DA:24,1
DA:28,4
DA:29,4
DA:41,1
DA:44,8
DA:47,3
DA:53,1
DA:57,1
DA:63,3
DA:65,3
DA:66,1
DA:69,3
DA:70,1
DA:71,1
DA:75,8
DA:76,8
DA:80,8
DA:81,8
DA:92,1
LF:22
LH:22
BRF:0
BRH:0
end_of_record
TN:
SF:C:\Users\danie\Documents\workspace\Artemis\mobx-async-store\spec\fixtures\exampleRelationalResponses.js
FNF:0
FNH:0
DA:1,1
DA:25,1
DA:53,1
DA:86,1
DA:130,1
LF:5
LH:5
BRF:0
BRH:0
end_of_record
TN:
SF:C:\Users\danie\Documents\workspace\Artemis\mobx-async-store\src\MiddlewarePipe.js
FN:4,(anonymous_0)
FN:8,(anonymous_1)
FN:10,(anonymous_2)
FN:22,(anonymous_3)
FNF:4
FNH:4
FNDA:12,(anonymous_0)
FNDA:14,(anonymous_1)
FNDA:2,(anonymous_2)
FNDA:24,(anonymous_3)
DA:2,12
DA:3,12
DA:5,12
DA:9,14
DA:10,1
DA:11,2
DA:12,2
DA:18,13
DA:23,24
DA:24,24
DA:25,24
DA:26,1
DA:30,23
DA:31,23
DA:32,27
DA:33,27
DA:35,0
DA:37,27
DA:38,0
DA:41,23
LF:20
LH:18
BRDA:5,0,0,12
BRDA:5,0,1,4
BRDA:9,1,0,1
BRDA:9,1,1,13
BRDA:25,2,0,1
BRDA:25,2,1,23
BRDA:30,3,0,10
BRDA:30,3,1,13
BRDA:37,4,0,0
BRDA:37,4,1,27
BRF:10
BRH:9
end_of_record
TN:
SF:C:\Users\danie\Documents\workspace\Artemis\mobx-async-store\src\Model.js
FN:20,isPresent
FN:30,validatePresence
FN:40,stringifyIds
FN:41,(anonymous_3)
FN:56,defaultValueForDescriptor
FN:83,attribute
FN:83,(anonymous_6)
FN:84,(anonymous_7)
FN:96,(anonymous_8)
FN:99,(anonymous_9)
FN:120,validates
FN:126,(anonymous_11)
FN:178,(anonymous_12)
FN:232,(anonymous_13)
FN:241,(anonymous_14)
FN:300,(anonymous_15)
FN:301,(anonymous_16)
FN:303,(anonymous_17)
FN:318,(anonymous_18)
FN:357,(anonymous_19)
FN:360,(anonymous_20)
FN:373,(anonymous_21)
FN:381,(anonymous_22)
FN:400,(anonymous_23)
FN:411,(anonymous_24)
FN:432,(anonymous_25)
FN:449,(anonymous_26)
FN:473,(anonymous_27)
FN:485,(anonymous_28)
FN:505,(anonymous_29)
FN:506,(anonymous_30)
FN:507,(anonymous_31)
FN:510,(anonymous_32)
FN:520,(anonymous_33)
FN:530,(anonymous_34)
FN:531,(anonymous_35)
FN:548,(anonymous_36)
FN:559,(anonymous_37)
FN:570,(anonymous_38)
FN:580,(anonymous_39)
FN:590,(anonymous_40)
FN:600,(anonymous_41)
FN:602,(anonymous_42)
FN:618,(anonymous_43)
FN:632,(anonymous_44)
FN:635,(anonymous_45)
FN:662,(anonymous_46)
FN:664,(anonymous_47)
FN:684,(anonymous_48)
FN:685,(anonymous_49)
FN:686,(anonymous_50)
FN:692,(anonymous_51)
FNF:52
FNH:33
FNDA:0,isPresent
FNDA:0,validatePresence
FNDA:3,stringifyIds
FNDA:4,(anonymous_3)
FNDA:0,defaultValueForDescriptor
FNDA:0,attribute
FNDA:0,(anonymous_6)
FNDA:0,(anonymous_7)
FNDA:0,(anonymous_8)
FNDA:0,(anonymous_9)
FNDA:0,validates
FNDA:0,(anonymous_11)
FNDA:123,(anonymous_12)
FNDA:6,(anonymous_13)
FNDA:8,(anonymous_14)
FNDA:2,(anonymous_15)
FNDA:2,(anonymous_16)
FNDA:8,(anonymous_17)
FNDA:2,(anonymous_18)
FNDA:6,(anonymous_19)
FNDA:24,(anonymous_20)
FNDA:20,(anonymous_21)
FNDA:1,(anonymous_22)
FNDA:1,(anonymous_23)
FNDA:0,(anonymous_24)
FNDA:0,(anonymous_25)
FNDA:123,(anonymous_26)
FNDA:157,(anonymous_27)
FNDA:129,(anonymous_28)
FNDA:20,(anonymous_29)
FNDA:5,(anonymous_30)
FNDA:23,(anonymous_31)
FNDA:23,(anonymous_32)
FNDA:46,(anonymous_33)
FNDA:157,(anonymous_34)
FNDA:424,(anonymous_35)
FNDA:427,(anonymous_36)
FNDA:0,(anonymous_37)
FNDA:0,(anonymous_38)
FNDA:0,(anonymous_39)
FNDA:294,(anonymous_40)
FNDA:123,(anonymous_41)
FNDA:288,(anonymous_42)
FNDA:4,(anonymous_43)
FNDA:0,(anonymous_44)
FNDA:16,(anonymous_45)
FNDA:1,(anonymous_46)
FNDA:1,(anonymous_47)
FNDA:0,(anonymous_48)
FNDA:0,(anonymous_49)
FNDA:0,(anonymous_50)
FNDA:4,(anonymous_51)
DA:21,0
DA:31,0
DA:41,3
DA:42,4
DA:43,4
DA:44,2
DA:45,1
DA:47,2
DA:57,0
DA:58,0
DA:59,0
DA:60,0
DA:62,0
DA:66,0
DA:67,0
DA:69,0
DA:83,0
DA:84,0
DA:85,0
DA:86,0
DA:88,0
DA:95,0
DA:97,0
DA:100,0
DA:121,0
DA:123,0
DA:124,0
DA:126,0
DA:127,0
DA:129,0
DA:136,0
DA:137,0
DA:179,123
DA:180,123
DA:198,123
DA:233,6
DA:242,8
DA:243,8
DA:244,7
DA:245,4
DA:263,123
DA:276,123
DA:285,123
DA:301,2
DA:302,2
DA:303,2
DA:304,8
DA:306,2
DA:307,2
DA:309,2
DA:319,2
DA:320,0
DA:321,0
DA:328,2
DA:330,2
DA:332,2
DA:333,2
DA:335,2
DA:336,2
DA:337,2
DA:340,2
DA:342,2
DA:346,2
DA:348,2
DA:358,6
DA:359,6
DA:360,6
DA:361,24
DA:363,24
DA:365,18
DA:367,18
DA:368,3
DA:371,18
DA:373,20
DA:384,1
DA:386,1
DA:387,0
DA:388,0
DA:391,1
DA:393,1
DA:394,1
DA:395,1
DA:396,1
DA:397,1
DA:399,1
DA:401,1
DA:402,1
DA:403,1
DA:404,1
DA:408,1
DA:409,1
DA:410,1
DA:411,0
DA:412,0
DA:416,0
DA:422,1
DA:423,0
DA:426,1
DA:428,0
DA:429,0
DA:434,0
DA:435,0
DA:436,0
DA:450,123
DA:452,123
DA:474,157
DA:486,129
DA:487,129
DA:506,20
DA:507,20
DA:508,23
DA:509,23
DA:510,23
DA:511,20
DA:521,46
DA:531,157
DA:532,424
DA:533,424
DA:534,4
DA:536,420
DA:538,424
DA:549,427
DA:550,427
DA:560,0
DA:561,0
DA:571,0
DA:581,0
DA:591,294
DA:601,123
DA:602,123
DA:603,288
DA:604,288
DA:605,288
DA:625,4
DA:627,4
DA:628,4
DA:630,4
DA:631,0
DA:632,0
DA:635,4
DA:636,16
DA:637,16
DA:638,16
DA:640,16
DA:641,8
DA:642,8
DA:643,4
DA:645,4
DA:647,16
DA:649,0
DA:651,16
DA:654,4
DA:660,4
DA:661,1
DA:662,1
DA:664,1
DA:665,1
DA:666,1
DA:667,1
DA:670,1
DA:673,4
DA:674,0
DA:677,4
DA:678,2
DA:681,4
DA:685,0
DA:686,0
DA:687,0
DA:693,4
DA:694,4
DA:695,4
LF:171
LH:121
BRDA:21,0,0,0
BRDA:21,0,1,0
BRDA:21,0,2,0
BRDA:43,1,0,2
BRDA:43,1,1,2
BRDA:44,2,0,1
BRDA:44,2,1,1
BRDA:57,3,0,0
BRDA:57,3,1,0
BRDA:59,4,0,0
BRDA:59,4,1,0
BRDA:66,5,0,0
BRDA:66,5,1,0
BRDA:67,6,0,0
BRDA:67,6,1,0
BRDA:83,7,0,0
BRDA:123,8,0,0
BRDA:123,8,1,0
BRDA:178,9,0,5
BRDA:243,10,0,1
BRDA:243,10,1,7
BRDA:244,11,0,3
BRDA:244,11,1,4
BRDA:318,12,0,2
BRDA:319,13,0,0
BRDA:319,13,1,2
BRDA:319,14,0,2
BRDA:319,14,1,2
BRDA:335,15,0,2
BRDA:335,15,1,0
BRDA:363,16,0,6
BRDA:363,16,1,18
BRDA:367,17,0,3
BRDA:367,17,1,15
BRDA:381,18,0,1
BRDA:386,19,0,0
BRDA:386,19,1,1
BRDA:391,20,0,1
BRDA:391,21,0,1
BRDA:402,22,0,1
BRDA:402,22,1,0
BRDA:402,23,0,1
BRDA:402,23,1,1
BRDA:403,24,0,1
BRDA:403,24,1,0
BRDA:410,25,0,0
BRDA:410,25,1,1
BRDA:410,26,0,1
BRDA:410,26,1,0
BRDA:422,27,0,0
BRDA:422,27,1,1
BRDA:422,28,0,1
BRDA:422,28,1,1
BRDA:509,29,0,17
BRDA:509,29,1,6
BRDA:533,30,0,4
BRDA:533,30,1,420
BRDA:618,31,0,1
BRDA:630,32,0,0
BRDA:630,32,1,4
BRDA:637,33,0,16
BRDA:637,33,1,0
BRDA:640,34,0,8
BRDA:640,34,1,8
BRDA:640,35,0,16
BRDA:640,35,1,12
BRDA:642,36,0,4
BRDA:642,36,1,4
BRDA:660,37,0,1
BRDA:660,37,1,3
BRDA:673,38,0,0
BRDA:673,38,1,4
BRDA:677,39,0,2
BRDA:677,39,1,2
BRF:74
BRH:49
end_of_record
TN:
SF:C:\Users\danie\Documents\workspace\Artemis\mobx-async-store\src\ObjectPromiseProxy.js
FN:3,ObjectPromiseProxy
FN:7,(anonymous_1)
FN:13,(anonymous_2)
FN:14,(anonymous_3)
FN:18,(anonymous_4)
FN:32,(anonymous_5)
FN:64,(anonymous_6)
FN:74,(anonymous_7)
FN:91,parseApiErrors
FNF:9
FNH:6
FNDA:2,ObjectPromiseProxy
FNDA:2,(anonymous_1)
FNDA:2,(anonymous_2)
FNDA:6,(anonymous_3)
FNDA:0,(anonymous_4)
FNDA:2,(anonymous_5)
FNDA:0,(anonymous_6)
FNDA:8,(anonymous_7)
FNDA:0,parseApiErrors
DA:4,2
DA:5,2
DA:6,2
DA:8,2
DA:9,2
DA:10,2
DA:12,2
DA:13,2
DA:14,2
DA:15,6
DA:17,2
DA:18,0
DA:19,0
DA:21,0
DA:25,2
DA:26,0
DA:30,2
DA:31,2
DA:32,2
DA:39,2
DA:40,2
DA:42,2
DA:44,0
DA:46,0
DA:47,0
DA:48,0
DA:49,0
DA:54,0
DA:60,0
DA:61,0
DA:66,0
DA:67,0
DA:68,0
DA:73,2
DA:74,2
DA:75,8
DA:79,8
DA:82,2
DA:88,2
DA:92,0
LF:40
LH:24
BRDA:9,0,0,2
BRDA:9,0,1,0
BRDA:9,1,0,2
BRDA:9,1,1,0
BRDA:17,2,0,0
BRDA:17,2,1,2
BRDA:19,3,0,0
BRDA:19,3,1,0
BRDA:25,4,0,0
BRDA:25,4,1,2
BRDA:92,5,0,0
BRDA:92,5,1,0
BRF:12
BRH:4
end_of_record
TN:
SF:C:\Users\danie\Documents\workspace\Artemis\mobx-async-store\src\Store.js
FN:36,(anonymous_0)
FN:53,(anonymous_1)
FN:68,(anonymous_2)
FN:84,(anonymous_3)
FN:85,(anonymous_4)
FN:85,(anonymous_5)
FN:98,(anonymous_6)
FN:101,(anonymous_7)
FN:139,(anonymous_8)
FN:161,(anonymous_9)
FN:225,(anonymous_10)
FN:246,(anonymous_11)
FN:270,(anonymous_12)
FN:286,(anonymous_13)
FN:306,(anonymous_14)
FN:317,(anonymous_15)
FN:328,(anonymous_16)
FN:340,(anonymous_17)
FN:352,(anonymous_18)
FN:354,(anonymous_19)
FN:368,(anonymous_20)
FN:375,(anonymous_21)
FN:387,(anonymous_22)
FN:398,(anonymous_23)
FN:408,(anonymous_24)
FN:422,(anonymous_25)
FN:440,(anonymous_26)
FN:461,(anonymous_27)
FN:465,(anonymous_28)
FN:486,(anonymous_29)
FN:501,(anonymous_30)
FN:518,(anonymous_31)
FN:533,(anonymous_32)
FN:545,(anonymous_33)
FN:547,(anonymous_34)
FN:548,(anonymous_35)
FN:549,(anonymous_36)
FN:561,(anonymous_37)
FN:576,(anonymous_38)
FN:586,(anonymous_39)
FN:595,(anonymous_40)
FN:602,(anonymous_41)
FN:627,(anonymous_42)
FN:630,(anonymous_43)
FN:630,(anonymous_44)
FN:649,(anonymous_45)
FN:668,(anonymous_46)
FN:681,(anonymous_47)
FN:696,(anonymous_48)
FN:706,(anonymous_49)
FN:706,(anonymous_50)
FN:728,(anonymous_51)
FN:742,(anonymous_52)
FNF:53
FNH:48
FNDA:4,(anonymous_0)
FNDA:69,(anonymous_1)
FNDA:70,(anonymous_2)
FNDA:1,(anonymous_3)
FNDA:1,(anonymous_4)
FNDA:2,(anonymous_5)
FNDA:1,(anonymous_6)
FNDA:1,(anonymous_7)
FNDA:8,(anonymous_8)
FNDA:8,(anonymous_9)
FNDA:34,(anonymous_10)
FNDA:8,(anonymous_11)
FNDA:90,(anonymous_12)
FNDA:4,(anonymous_13)
FNDA:0,(anonymous_14)
FNDA:0,(anonymous_15)
FNDA:4,(anonymous_16)
FNDA:511,(anonymous_17)
FNDA:4,(anonymous_18)
FNDA:8,(anonymous_19)
FNDA:93,(anonymous_20)
FNDA:247,(anonymous_21)
FNDA:20,(anonymous_22)
FNDA:20,(anonymous_23)
FNDA:320,(anonymous_24)
FNDA:8,(anonymous_25)
FNDA:96,(anonymous_26)
FNDA:52,(anonymous_27)
FNDA:40,(anonymous_28)
FNDA:1,(anonymous_29)
FNDA:6,(anonymous_30)
FNDA:6,(anonymous_31)
FNDA:0,(anonymous_32)
FNDA:6,(anonymous_33)
FNDA:2,(anonymous_34)
FNDA:2,(anonymous_35)
FNDA:2,(anonymous_36)
FNDA:28,(anonymous_37)
FNDA:92,(anonymous_38)
FNDA:13,(anonymous_39)
FNDA:0,(anonymous_40)
FNDA:0,(anonymous_41)
FNDA:5,(anonymous_42)
FNDA:5,(anonymous_43)
FNDA:8,(anonymous_44)
FNDA:92,(anonymous_45)
FNDA:26,(anonymous_46)
FNDA:10,(anonymous_47)
FNDA:10,(anonymous_48)
FNDA:10,(anonymous_49)
FNDA:11,(anonymous_50)
FNDA:10,(anonymous_51)
FNDA:7,(anonymous_52)
DA:21,4
DA:23,4
DA:26,4
DA:29,4
DA:30,4
DA:37,4
DA:38,4
DA:53,4
DA:54,69
DA:55,1
DA:57,68
DA:68,4
DA:69,70
DA:70,70
DA:73,70
DA:75,70
DA:84,4
DA:85,2
DA:98,4
DA:99,1
DA:101,1
DA:102,1
DA:103,0
DA:105,1
DA:139,4
DA:140,8
DA:142,8
DA:144,0
DA:145,8
DA:147,0
DA:149,8
DA:161,4
DA:163,8
DA:166,8
DA:168,1
DA:171,7
DA:225,4
DA:226,34
DA:228,34
DA:230,6
DA:231,28
DA:233,20
DA:235,8
DA:246,4
DA:248,8
DA:251,8
DA:253,4
DA:256,4
DA:271,90
DA:272,1
DA:274,89
DA:287,4
DA:288,4
DA:289,4
DA:293,4
DA:294,4
DA:295,4
DA:296,4
DA:297,4
DA:307,0
DA:308,0
DA:318,0
DA:319,0
DA:329,4
DA:330,4
DA:331,4
DA:340,4
DA:341,511
DA:342,0
DA:353,4
DA:354,4
DA:355,8
DA:356,8
DA:369,93
DA:373,93
DA:375,93
DA:376,247
DA:388,20
DA:389,20
DA:390,20
DA:391,20
DA:398,20
DA:409,320
DA:423,8
DA:424,1
DA:425,1
DA:427,7
DA:428,7
DA:441,96
DA:442,96
DA:443,0
DA:446,96
DA:447,96
DA:449,96
DA:451,76
DA:462,52
DA:464,52
DA:465,40
DA:466,52
DA:474,52
DA:487,1
DA:488,1
DA:489,1
DA:490,1
DA:503,6
DA:505,6
DA:507,6
DA:519,6
DA:520,6
DA:521,2
DA:522,2
DA:534,0
DA:547,6
DA:548,2
DA:549,2
DA:562,28
DA:563,5
DA:565,23
DA:577,92
DA:587,13
DA:588,13
DA:590,13
DA:591,13
DA:593,13
DA:595,0
DA:596,0
DA:597,0
DA:601,0
DA:602,0
DA:604,0
DA:606,0
DA:607,0
DA:612,13
DA:614,13
DA:615,13
DA:618,13
DA:628,5
DA:630,5
DA:634,8
DA:635,6
DA:650,92
DA:651,92
DA:652,92
DA:654,92
DA:655,0
DA:658,92
DA:668,4
DA:669,26
DA:670,26
DA:672,26
DA:681,4
DA:682,10
DA:683,10
DA:684,10
DA:685,10
DA:687,10
DA:696,4
DA:697,10
DA:699,10
DA:700,10
DA:701,10
DA:702,10
DA:703,0
DA:706,10
DA:707,11
DA:708,11
DA:709,11
DA:711,11
DA:712,11
DA:714,11
DA:717,0
DA:729,10
DA:731,10
DA:743,7
DA:745,7
DA:747,7
DA:748,7
DA:751,7
DA:752,7
DA:754,7
DA:756,7
DA:757,3
DA:760,7
DA:762,7
DA:763,7
DA:765,7
DA:768,0
LF:187
LH:165
BRDA:54,0,0,1
BRDA:54,0,1,68
BRDA:102,1,0,0
BRDA:102,1,1,1
BRDA:139,2,0,7
BRDA:142,3,0,0
BRDA:142,3,1,8
BRDA:145,4,0,0
BRDA:145,4,1,8
BRDA:166,5,0,1
BRDA:166,5,1,7
BRDA:166,6,0,8
BRDA:166,6,1,1
BRDA:225,7,0,2
BRDA:228,8,0,6
BRDA:228,8,1,28
BRDA:231,9,0,20
BRDA:231,9,1,8
BRDA:251,10,0,4
BRDA:251,10,1,4
BRDA:271,11,0,1
BRDA:271,11,1,89
BRDA:293,12,0,4
BRDA:293,12,1,2
BRDA:328,13,0,2
BRDA:329,14,0,4
BRDA:329,14,1,2
BRDA:330,15,0,4
BRDA:330,15,1,2
BRDA:341,16,0,0
BRDA:341,16,1,511
BRDA:342,17,0,0
BRDA:342,17,1,0
BRDA:342,18,0,0
BRDA:342,18,1,0
BRDA:387,19,0,0
BRDA:423,20,0,1
BRDA:423,20,1,7
BRDA:442,21,0,0
BRDA:442,21,1,96
BRDA:449,22,0,20
BRDA:449,22,1,76
BRDA:449,23,0,96
BRDA:449,23,1,76
BRDA:465,24,0,40
BRDA:465,24,1,40
BRDA:490,25,0,1
BRDA:490,25,1,1
BRDA:520,26,0,4
BRDA:520,26,1,2
BRDA:545,27,0,0
BRDA:562,28,0,5
BRDA:562,28,1,23
BRDA:587,29,0,0
BRDA:587,30,0,5
BRDA:593,31,0,0
BRDA:593,31,1,13
BRDA:601,32,0,0
BRDA:601,32,1,0
BRDA:604,33,0,0
BRDA:604,33,1,0
BRDA:634,34,0,6
BRDA:634,34,1,2
BRDA:650,35,0,0
BRDA:650,36,0,71
BRDA:654,37,0,0
BRDA:654,37,1,92
BRDA:699,38,0,10
BRDA:699,38,1,0
BRDA:702,39,0,0
BRDA:702,39,1,10
BRDA:707,40,0,2
BRDA:707,41,0,11
BRDA:751,42,0,7
BRDA:751,42,1,0
BRDA:756,43,0,3
BRDA:756,43,1,4
BRF:77
BRH:55
end_of_record
TN:
SF:C:\Users\danie\Documents\workspace\Artemis\mobx-async-store\src\main.js
FNF:0
FNH:0
LF:0
LH:0
BRF:0
BRH:0
end_of_record
TN:
SF:C:\Users\danie\Documents\workspace\Artemis\mobx-async-store\src\schema.js
FN:11,(anonymous_0)
FN:18,(anonymous_1)
FN:25,(anonymous_2)
FNF:3
FNH:3
FNDA:10,(anonymous_0)
FNDA:10,(anonymous_1)
FNDA:3,(anonymous_2)
DA:8,3
DA:9,3
DA:12,10
DA:13,10
DA:19,10
DA:20,10
DA:26,3
DA:30,3
LF:8
LH:8
BRDA:12,0,0,10
BRDA:12,0,1,7
BRDA:19,1,0,10
BRDA:19,1,1,6
BRF:4
BRH:4
end_of_record
TN:
SF:C:\Users\danie\Documents\workspace\Artemis\mobx-async-store\src\utils.js
FN:8,(anonymous_0)
FN:8,(anonymous_1)
FN:14,(anonymous_2)
FN:14,(anonymous_3)
FN:26,singularizeType
FN:42,requestUrl
FN:55,newId
FN:59,dbOrNewId
FN:73,combineRacedRequests
FN:80,handleResponse
FN:111,uniqueByReducer
FN:112,(anonymous_11)
FN:113,(anonymous_12)
FN:127,uniqueBy
FN:131,stringifyIds
FN:132,(anonymous_15)
FN:145,walk
FN:147,(anonymous_17)
FN:148,(anonymous_18)
FNF:19
FNH:17
FNDA:20,(anonymous_0)
FNDA:20,(anonymous_1)
FNDA:20,(anonymous_2)
FNDA:20,(anonymous_3)
FNDA:30,singularizeType
FNDA:26,requestUrl
FNDA:20,newId
FNDA:70,dbOrNewId
FNDA:20,combineRacedRequests
FNDA:20,handleResponse
FNDA:52,uniqueByReducer
FNDA:40,(anonymous_11)
FNDA:3,(anonymous_12)
FNDA:52,uniqueBy
FNDA:0,stringifyIds
FNDA:0,(anonymous_15)
FNDA:103,walk
FNDA:83,(anonymous_17)
FNDA:166,(anonymous_18)
DA:5,3
DA:6,3
DA:8,20
DA:9,20
DA:10,20
DA:11,20
DA:14,20
DA:15,20
DA:16,20
DA:17,20
DA:27,30
DA:28,30
DA:30,30
DA:31,30
DA:33,30
DA:43,26
DA:44,26
DA:45,14
DA:47,26
DA:48,26
DA:49,9
DA:52,26
DA:56,20
DA:60,70
DA:74,20
DA:75,20
DA:78,20
DA:81,20
DA:85,20
DA:89,20
DA:90,20
DA:94,20
DA:97,20
DA:99,20
DA:112,52
DA:113,40
DA:128,52
DA:132,0
DA:133,0
DA:135,0
DA:136,0
DA:137,0
DA:140,0
DA:146,103
DA:147,80
DA:148,166
DA:151,23
LF:47
LH:41
BRDA:9,0,0,20
BRDA:9,0,1,20
BRDA:15,1,0,20
BRDA:15,1,1,0
BRDA:42,2,0,11
BRDA:44,3,0,14
BRDA:44,3,1,12
BRDA:48,4,0,9
BRDA:48,4,1,17
BRDA:60,5,0,70
BRDA:60,5,1,20
BRDA:85,6,0,0
BRDA:85,6,1,20
BRDA:94,7,0,0
BRDA:94,7,1,20
BRDA:113,8,0,0
BRDA:113,8,1,40
BRDA:135,9,0,0
BRDA:135,9,1,0
BRDA:136,10,0,0
BRDA:136,10,1,0
BRDA:146,11,0,80
BRDA:146,11,1,23
BRDA:146,12,0,103
BRDA:146,12,1,103
BRF:25
BRH:17
end_of_record
TN:
SF:C:\Users\danie\Documents\workspace\Artemis\mobx-async-store\src\decorators\attributes.js
FN:12,isPresent
FN:21,validatePresence
FN:35,defaultValueForDescriptor
FN:62,attribute
FN:62,(anonymous_4)
FN:63,(anonymous_5)
FN:75,(anonymous_6)
FN:78,(anonymous_7)
FN:98,validates
FN:104,(anonymous_9)
FNF:10
FNH:7
FNDA:6,isPresent
FNDA:6,validatePresence
FNDA:10,defaultValueForDescriptor
FNDA:10,attribute
FNDA:0,(anonymous_4)
FNDA:10,(anonymous_5)
FNDA:0,(anonymous_6)
FNDA:0,(anonymous_7)
FNDA:3,validates
FNDA:2,(anonymous_9)
DA:13,6
DA:22,6
DA:36,10
DA:37,8
DA:38,8
DA:39,1
DA:41,7
DA:45,2
DA:46,1
DA:48,0
DA:62,0
DA:63,10
DA:64,10
DA:65,10
DA:67,10
DA:74,10
DA:76,0
DA:79,0
DA:99,3
DA:101,3
DA:102,2
DA:104,2
DA:105,2
DA:107,2
DA:114,1
DA:115,1
LF:26
LH:22
BRDA:13,0,0,6
BRDA:13,0,1,6
BRDA:13,0,2,6
BRDA:36,1,0,8
BRDA:36,1,1,2
BRDA:38,2,0,1
BRDA:38,2,1,7
BRDA:45,3,0,1
BRDA:45,3,1,1
BRDA:46,4,0,1
BRDA:46,4,1,0
BRDA:62,5,0,0
BRDA:101,6,0,2
BRDA:101,6,1,1
BRF:14
BRH:12
end_of_record
TN:
SF:C:\Users\danie\Documents\workspace\Artemis\mobx-async-store\src\decorators\relationships.js
FN:20,relatedToMany
FN:22,(anonymous_1)
FN:30,(anonymous_2)
FN:44,(anonymous_3)
FN:57,relatedToOne
FN:59,(anonymous_5)
FN:67,(anonymous_6)
FN:71,(anonymous_7)
FN:84,(anonymous_8)
FN:87,(anonymous_9)
FN:103,getRelatedRecords
FN:115,(anonymous_11)
FN:115,(anonymous_12)
FN:123,(anonymous_13)
FN:134,getRelatedRecord
FN:166,setRelatedRecord
FN:211,(anonymous_16)
FN:228,(anonymous_17)
FN:238,(anonymous_18)
FN:262,(anonymous_19)
FN:280,(anonymous_20)
FN:286,(anonymous_21)
FN:289,(anonymous_22)
FN:309,(anonymous_23)
FN:313,(anonymous_24)
FN:315,(anonymous_25)
FNF:26
FNH:22
FNDA:4,relatedToMany
FNDA:2,(anonymous_1)
FNDA:4,(anonymous_2)
FNDA:50,(anonymous_3)
FNDA:6,relatedToOne
FNDA:1,(anonymous_5)
FNDA:2,(anonymous_6)
FNDA:0,(anonymous_7)
FNDA:9,(anonymous_8)
FNDA:6,(anonymous_9)
FNDA:84,getRelatedRecords
FNDA:62,(anonymous_11)
FNDA:59,(anonymous_12)
FNDA:26,(anonymous_13)
FNDA:22,getRelatedRecord
FNDA:38,setRelatedRecord
FNDA:84,(anonymous_16)
FNDA:12,(anonymous_17)
FNDA:42,(anonymous_18)
FNDA:23,(anonymous_19)
FNDA:12,(anonymous_20)
FNDA:9,(anonymous_21)
FNDA:9,(anonymous_22)
FNDA:0,(anonymous_23)
FNDA:0,(anonymous_24)
FNDA:0,(anonymous_25)
DA:21,4
DA:22,2
DA:23,2
DA:29,2
DA:31,4
DA:32,4
DA:37,2
DA:43,2
DA:45,50
DA:58,6
DA:59,1
DA:60,1
DA:66,1
DA:68,2
DA:69,2
DA:72,0
DA:73,0
DA:78,5
DA:83,5
DA:85,9
DA:88,6
DA:104,84
DA:106,84
DA:108,84
DA:109,84
DA:113,84
DA:115,62
DA:116,59
DA:117,59
DA:120,28
DA:121,28
DA:123,26
DA:126,84
DA:136,22
DA:139,22
DA:142,22
DA:143,22
DA:146,22
DA:148,15
DA:149,15
DA:151,15
DA:167,38
DA:168,0
DA:171,38
DA:172,38
DA:173,38
DA:175,38
DA:177,34
DA:178,34
DA:179,34
DA:181,34
DA:182,7
DA:183,27
DA:184,23
DA:186,4
DA:191,30
DA:193,30
DA:194,30
DA:195,30
DA:198,30
DA:212,84
DA:213,84
DA:214,84
DA:229,12
DA:238,84
DA:239,42
DA:240,42
DA:241,42
DA:243,42
DA:244,0
DA:247,42
DA:248,0
DA:251,42
DA:253,42
DA:254,21
DA:257,42
DA:258,21
DA:261,42
DA:262,42
DA:263,42
DA:264,23
DA:265,23
DA:266,23
DA:268,23
DA:271,42
DA:280,84
DA:281,12
DA:282,12
DA:283,12
DA:285,12
DA:286,9
DA:287,9
DA:289,9
DA:290,9
DA:292,9
DA:293,5
DA:296,9
DA:297,5
DA:300,9
DA:303,9
DA:306,12
DA:309,84
DA:310,0
DA:311,0
DA:313,0
DA:314,0
DA:315,0
DA:316,0
LF:108
LH:97
BRDA:21,0,0,2
BRDA:21,0,1,2
BRDA:58,1,0,1
BRDA:58,1,1,5
BRDA:103,2,0,50
BRDA:106,3,0,84
BRDA:106,3,1,50
BRDA:108,4,0,84
BRDA:108,4,1,81
BRDA:113,5,0,56
BRDA:113,5,1,28
BRDA:113,6,0,84
BRDA:113,6,1,56
BRDA:134,7,0,20
BRDA:139,8,0,0
BRDA:139,8,1,22
BRDA:142,9,0,2
BRDA:142,9,1,20
BRDA:146,10,0,7
BRDA:146,10,1,15
BRDA:146,11,0,22
BRDA:146,11,1,15
BRDA:149,12,0,15
BRDA:149,12,1,13
BRDA:166,13,0,38
BRDA:167,14,0,0
BRDA:167,14,1,38
BRDA:167,15,0,38
BRDA:167,15,1,27
BRDA:172,16,0,38
BRDA:172,16,1,38
BRDA:173,17,0,38
BRDA:173,17,1,11
BRDA:175,18,0,4
BRDA:175,18,1,34
BRDA:179,19,0,34
BRDA:179,19,1,11
BRDA:181,20,0,7
BRDA:181,20,1,27
BRDA:183,21,0,23
BRDA:183,21,1,4
BRDA:183,22,0,27
BRDA:183,22,1,4
BRDA:183,23,0,4
BRDA:183,23,1,4
BRDA:193,24,0,30
BRDA:193,24,1,0
BRDA:194,25,0,23
BRDA:194,25,1,7
BRDA:243,26,0,0
BRDA:243,26,1,42
BRDA:243,27,0,42
BRDA:243,27,1,42
BRDA:247,28,0,0
BRDA:247,28,1,42
BRDA:253,29,0,21
BRDA:253,29,1,21
BRDA:257,30,0,21
BRDA:257,30,1,21
BRDA:262,31,0,42
BRDA:262,31,1,42
BRDA:262,32,0,23
BRDA:262,32,1,19
BRDA:263,33,0,23
BRDA:263,33,1,19
BRDA:285,34,0,9
BRDA:285,34,1,3
BRDA:285,35,0,12
BRDA:285,35,1,9
BRDA:285,35,2,9
BRDA:286,36,0,9
BRDA:286,36,1,7
BRDA:287,37,0,7
BRDA:287,37,1,2
BRDA:289,38,0,9
BRDA:289,38,1,7
BRDA:290,39,0,7
BRDA:290,39,1,2
BRDA:292,40,0,5
BRDA:292,40,1,4
BRDA:296,41,0,5
BRDA:296,41,1,4
BRF:82
BRH:77
end_of_record
